[35m[Appium][39m Welcome to Appium v1.22.3
[35m[Appium][39m Non-default server args:
[35m[Appium][39m   port: 59213
[35m[Appium][39m   loglevel: info
[35m[Appium][39m   tmpDir: C:\Users\User\AppData\Local\Temp\\Katalon\Appium\Temp1686816967583
[35m[Appium][39m   chromedriverPort: 59214
[35m[Appium][39m Deprecated server args:
[35m[Appium][39m   [31m--chromedriver-port[39m => --default-capabilities
[35m[Appium][39m Default capabilities, which will be added to each request unless overridden by desired capabilities:
[35m[Appium][39m   chromedriverPort: 59214
[35m[Appium][39m Appium REST http interface listener started on 0.0.0.0:59213
[35m[HTTP][39m [37m-->[39m [37mGET[39m [37m/wd/hub/status[39m
[35m[HTTP][39m [90m{}[39m
[35m[HTTP][39m [37m<-- GET /wd/hub/status [39m[32m200[39m [90m7 ms - 68[39m
[35m[HTTP][39m [90m[39m
[35m[HTTP][39m [37m-->[39m [37mGET[39m [37m/wd/hub/status[39m
[35m[HTTP][39m [90m{}[39m
[35m[HTTP][39m [37m<-- GET /wd/hub/status [39m[32m200[39m [90m1 ms - 68[39m
[35m[HTTP][39m [90m[39m
[35m[HTTP][39m [37m-->[39m [37mPOST[39m [37m/wd/hub/session[39m
[35m[HTTP][39m [90m{"desiredCapabilities":{"appActivity":".Settings","appPackage":"com.android.settings","newCommandTimeout":1800,"platformVersion":"11","automationName":"uiautomator2","autoGrantPermissions":true,"platformName":"Android","udid":"8PSSDMHATWSSUCVC","deviceName":"vivo vivo 1819 (Android 11)","platform":"ANDROID","systemPort":8211},"capabilities":{"firstMatch":[{"appium:appActivity":".Settings","appium:appPackage":"com.android.settings","appium:autoGrantPermissions":true,"appium:automationName":"uiautomator2","appium:deviceName":"vivo vivo 1819 (Android 11)","appium:newCommandTimeout":1800,"platform":"ANDROID","platformName":"android","appium:platformVersion":"11","appium:systemPort":8211,"appium:udid":"8PSSDMHATWSSUCVC"}]}}[39m
[35m[BaseDriver][39m The following capabilities are not standard capabilities and should have an extension prefix:
[35m[BaseDriver][39m   platform
[35m[BaseDriver][39m   chromedriverPort
[35m[Appium][39m Appium v1.22.3 creating new AndroidUiautomator2Driver (v1.70.1) session
[35m[BaseDriver][39m The following capabilities were provided, but are not recognized by Appium:
[35m[BaseDriver][39m   platform
[35m[BaseDriver][39m Session created with session id: 7866ac2f-c992-4a90-adfb-3aa813199497
[35m[UiAutomator2][39m Starting 'com.android.settings' directly on the device
[35m[ADB][39m Found 1 'build-tools' folders under 'C:\Users\User\.katalon\tools\android_sdk' (newest first):
[35m[ADB][39m     C:/Users/User/.katalon/tools/android_sdk/build-tools/29.0.3
[35m[ADB][39m Using 'adb.exe' from 'C:\Users\User\.katalon\tools\android_sdk\platform-tools\adb.exe'
[35m[AndroidDriver][39m Retrieving device list
[35m[AndroidDriver][39m Using device: 8PSSDMHATWSSUCVC
[35m[ADB][39m Using 'adb.exe' from 'C:\Users\User\.katalon\tools\android_sdk\platform-tools\adb.exe'
[35m[ADB][39m Getting device platform version
[35m[UiAutomator2][39m Relaxing hidden api policy
[35m[AndroidDriver][39m No app sent in, not parsing package/activity
[35m[ADB][39m Using 'apksigner.jar' from 'C:\Users\User\.katalon\tools\android_sdk\build-tools\29.0.3\lib\apksigner.jar'
[35m[ADB][39m 'C:\Users\User\AppData\Roaming\npm\node_modules\appium\node_modules\appium-uiautomator2-server\apks\appium-uiautomator2-server-v4.27.0.apk' is signed with the default certificate
[35m[ADB][39m 'C:\Users\User\AppData\Roaming\npm\node_modules\appium\node_modules\appium-uiautomator2-server\apks\appium-uiautomator2-server-debug-androidTest.apk' is signed with the default certificate
[35m[UiAutomator2][39m Server packages are not going to be (re)installed
[35m[ADB][39m Adding packages ["io.appium.settings","io.appium.uiautomator2.server","io.appium.uiautomator2.server.test"] to Doze whitelist
[35m[UiAutomator2][39m Starting UIAutomator2 server 4.27.0
[35m[UiAutomator2][39m Using UIAutomator2 server from 'C:\Users\User\AppData\Roaming\npm\node_modules\appium\node_modules\appium-uiautomator2-server\apks\appium-uiautomator2-server-v4.27.0.apk' and test from 'C:\Users\User\AppData\Roaming\npm\node_modules\appium\node_modules\appium-uiautomator2-server\apks\appium-uiautomator2-server-debug-androidTest.apk'
[35m[UiAutomator2][39m Waiting up to 30000ms for UiAutomator2 to be online...
[35m[WD Proxy][39m socket hang up
[35m[WD Proxy][39m socket hang up
[35m[WD Proxy][39m socket hang up
[35m[WD Proxy][39m Determined the downstream protocol as 'W3C'
[35m[AndroidDriver][39m Screen already unlocked, doing nothing
[35m[UiAutomator2][39m Starting 'com.android.settings/.Settings and waiting for 'com.android.settings/.Settings'
[35m[Appium][39m New AndroidUiautomator2Driver session created successfully, session 7866ac2f-c992-4a90-adfb-3aa813199497 added to master session list
[35m[HTTP][39m [37m<-- POST /wd/hub/session [39m[32m200[39m [90m16859 ms - 1170[39m
[35m[HTTP][39m [90m[39m
[35m[HTTP][39m [37m-->[39m [37mGET[39m [37m/wd/hub/session/7866ac2f-c992-4a90-adfb-3aa813199497[39m
[35m[HTTP][39m [90m{}[39m
[35m[HTTP][39m [37m<-- GET /wd/hub/session/7866ac2f-c992-4a90-adfb-3aa813199497 [39m[32m200[39m [90m15 ms - 1124[39m
[35m[HTTP][39m [90m[39m
[35m[HTTP][39m [37m-->[39m [37mGET[39m [37m/wd/hub/session/7866ac2f-c992-4a90-adfb-3aa813199497[39m
[35m[HTTP][39m [90m{}[39m
[35m[HTTP][39m [37m<-- GET /wd/hub/session/7866ac2f-c992-4a90-adfb-3aa813199497 [39m[32m200[39m [90m13 ms - 1124[39m
[35m[HTTP][39m [90m[39m
[35m[HTTP][39m [37m-->[39m [37mGET[39m [37m/wd/hub/status[39m
[35m[HTTP][39m [90m{}[39m
[35m[HTTP][39m [37m<-- GET /wd/hub/status [39m[32m200[39m [90m1 ms - 68[39m
[35m[HTTP][39m [90m[39m
[35m[HTTP][39m [37m-->[39m [37mPOST[39m [37m/wd/hub/session/7866ac2f-c992-4a90-adfb-3aa813199497/timeouts[39m
[35m[HTTP][39m [90m{"implicit":60000}[39m
[35m[HTTP][39m [37m<-- POST /wd/hub/session/7866ac2f-c992-4a90-adfb-3aa813199497/timeouts [39m[32m200[39m [90m3 ms - 14[39m
[35m[HTTP][39m [90m[39m
[35m[HTTP][39m [37m-->[39m [37mGET[39m [37m/wd/hub/session/7866ac2f-c992-4a90-adfb-3aa813199497/screenshot[39m
[35m[HTTP][39m [90m{}[39m
[35m[HTTP][39m [37m<-- GET /wd/hub/session/7866ac2f-c992-4a90-adfb-3aa813199497/screenshot [39m[32m200[39m [90m593 ms - 59740[39m
[35m[HTTP][39m [90m[39m
[35m[HTTP][39m [37m-->[39m [37mGET[39m [37m/wd/hub/session/7866ac2f-c992-4a90-adfb-3aa813199497/window/rect[39m
[35m[HTTP][39m [90m{}[39m
[35m[HTTP][39m [37m<-- GET /wd/hub/session/7866ac2f-c992-4a90-adfb-3aa813199497/window/rect [39m[32m200[39m [90m26 ms - 50[39m
[35m[HTTP][39m [90m[39m
[35m[HTTP][39m [37m-->[39m [37mGET[39m [37m/wd/hub/session/7866ac2f-c992-4a90-adfb-3aa813199497/appium/device/system_bars[39m
[35m[HTTP][39m [90m{}[39m
[35m[HTTP][39m [37m<-- GET /wd/hub/session/7866ac2f-c992-4a90-adfb-3aa813199497/appium/device/system_bars [39m[32m200[39m [90m147 ms - 148[39m
[35m[HTTP][39m [90m[39m
[35m[HTTP][39m [37m-->[39m [37mPOST[39m [37m/wd/hub/session/7866ac2f-c992-4a90-adfb-3aa813199497/appium/device/activate_app[39m
[35m[HTTP][39m [90m{"bundleId":"com.socialnmobile.dictapps.notepad.color.note"}[39m
[35m[HTTP][39m [37m<-- POST /wd/hub/session/7866ac2f-c992-4a90-adfb-3aa813199497/appium/device/activate_app [39m[32m200[39m [90m547 ms - 14[39m
[35m[HTTP][39m [90m[39m
[35m[HTTP][39m [37m-->[39m [37mGET[39m [37m/wd/hub/session/7866ac2f-c992-4a90-adfb-3aa813199497/source[39m
[35m[HTTP][39m [90m{}[39m
[35m[W3C (7866ac2f)][39m Driver proxy active, passing request on via HTTP proxy
[35m[WD Proxy][39m Replacing sessionId 11b135ec-825e-4465-8c18-28ce0a13db35 with 7866ac2f-c992-4a90-adfb-3aa813199497
[35m[HTTP][39m [37m<-- GET /wd/hub/session/7866ac2f-c992-4a90-adfb-3aa813199497/source [39m[32m200[39m [90m906 ms - 40537[39m
[35m[HTTP][39m [90m[39m
[35m[HTTP][39m [37m-->[39m [37mGET[39m [37m/wd/hub/session/7866ac2f-c992-4a90-adfb-3aa813199497/screenshot[39m
[35m[HTTP][39m [90m{}[39m
[35m[HTTP][39m [37m<-- GET /wd/hub/session/7866ac2f-c992-4a90-adfb-3aa813199497/screenshot [39m[32m200[39m [90m742 ms - 184548[39m
[35m[HTTP][39m [90m[39m
[35m[HTTP][39m [37m-->[39m [37mPOST[39m [37m/wd/hub/session/7866ac2f-c992-4a90-adfb-3aa813199497/elements[39m
[35m[HTTP][39m [90m{"using":"xpath","value":"//*[@class = 'android.widget.TextView' and (@text = 'My first note' or . = 'My first note') and @resource-id = 'com.socialnmobile.dictapps.notepad.color.note:id/title']"}[39m
[35m[HTTP][39m [37m<-- POST /wd/hub/session/7866ac2f-c992-4a90-adfb-3aa813199497/elements [39m[32m200[39m [90m976 ms - 139[39m
[35m[HTTP][39m [90m[39m
[35m[HTTP][39m [37m-->[39m [37mGET[39m [37m/wd/hub/session/7866ac2f-c992-4a90-adfb-3aa813199497/window/rect[39m
[35m[HTTP][39m [90m{}[39m
[35m[HTTP][39m [37m<-- GET /wd/hub/session/7866ac2f-c992-4a90-adfb-3aa813199497/window/rect [39m[32m200[39m [90m13 ms - 50[39m
[35m[HTTP][39m [90m[39m
[35m[HTTP][39m [37m-->[39m [37mPOST[39m [37m/wd/hub/session/7866ac2f-c992-4a90-adfb-3aa813199497/elements[39m
[35m[HTTP][39m [90m{"using":"xpath","value":"//*[@class = 'android.widget.TextView' and (@text = 'My first note' or . = 'My first note') and @resource-id = 'com.socialnmobile.dictapps.notepad.color.note:id/title']"}[39m
[35m[HTTP][39m [37m<-- POST /wd/hub/session/7866ac2f-c992-4a90-adfb-3aa813199497/elements [39m[32m200[39m [90m314 ms - 139[39m
[35m[HTTP][39m [90m[39m
[35m[HTTP][39m [37m-->[39m [37mGET[39m [37m/wd/hub/session/7866ac2f-c992-4a90-adfb-3aa813199497/element/00000000-0000-0674-ffff-ffff0000009a/location[39m
[35m[HTTP][39m [90m{}[39m
[35m[W3C (7866ac2f)][39m Driver proxy active, passing request on via HTTP proxy
[35m[WD Proxy][39m Replacing sessionId 11b135ec-825e-4465-8c18-28ce0a13db35 with 7866ac2f-c992-4a90-adfb-3aa813199497
[35m[HTTP][39m [37m<-- GET /wd/hub/session/7866ac2f-c992-4a90-adfb-3aa813199497/element/00000000-0000-0674-ffff-ffff0000009a/location [39m[32m200[39m [90m27 ms - 77[39m
[35m[HTTP][39m [90m[39m
[35m[HTTP][39m [37m-->[39m [37mPOST[39m [37m/wd/hub/session/7866ac2f-c992-4a90-adfb-3aa813199497/element/00000000-0000-0674-ffff-ffff0000009a/click[39m
[35m[HTTP][39m [90m{"id":"00000000-0000-0674-ffff-ffff0000009a"}[39m
[35m[HTTP][39m [37m<-- POST /wd/hub/session/7866ac2f-c992-4a90-adfb-3aa813199497/element/00000000-0000-0674-ffff-ffff0000009a/click [39m[32m200[39m [90m940 ms - 14[39m
[35m[HTTP][39m [90m[39m
[35m[HTTP][39m [37m-->[39m [37mGET[39m [37m/wd/hub/session/7866ac2f-c992-4a90-adfb-3aa813199497/source[39m
[35m[HTTP][39m [90m{}[39m
[35m[W3C (7866ac2f)][39m Driver proxy active, passing request on via HTTP proxy
[35m[WD Proxy][39m Replacing sessionId 11b135ec-825e-4465-8c18-28ce0a13db35 with 7866ac2f-c992-4a90-adfb-3aa813199497
[35m[HTTP][39m [37m<-- GET /wd/hub/session/7866ac2f-c992-4a90-adfb-3aa813199497/source [39m[32m200[39m [90m150 ms - 11284[39m
[35m[HTTP][39m [90m[39m
[35m[HTTP][39m [37m-->[39m [37mGET[39m [37m/wd/hub/session/7866ac2f-c992-4a90-adfb-3aa813199497/screenshot[39m
[35m[HTTP][39m [90m{}[39m
[35m[HTTP][39m [37m<-- GET /wd/hub/session/7866ac2f-c992-4a90-adfb-3aa813199497/screenshot [39m[32m200[39m [90m894 ms - 73468[39m
[35m[HTTP][39m [90m[39m
[35m[HTTP][39m [37m-->[39m [37mPOST[39m [37m/wd/hub/session/7866ac2f-c992-4a90-adfb-3aa813199497/elements[39m
[35m[HTTP][39m [90m{"using":"xpath","value":"//*[@class = 'android.widget.ImageButton' and @resource-id = 'com.socialnmobile.dictapps.notepad.color.note:id/edit_btn' and (@text = '' or . = '')]"}[39m
[35m[HTTP][39m [37m<-- POST /wd/hub/session/7866ac2f-c992-4a90-adfb-3aa813199497/elements [39m[32m200[39m [90m247 ms - 139[39m
[35m[HTTP][39m [90m[39m
[35m[HTTP][39m [37m-->[39m [37mGET[39m [37m/wd/hub/session/7866ac2f-c992-4a90-adfb-3aa813199497/window/rect[39m
[35m[HTTP][39m [90m{}[39m
[35m[HTTP][39m [37m<-- GET /wd/hub/session/7866ac2f-c992-4a90-adfb-3aa813199497/window/rect [39m[32m200[39m [90m27 ms - 50[39m
[35m[HTTP][39m [90m[39m
[35m[HTTP][39m [37m-->[39m [37mPOST[39m [37m/wd/hub/session/7866ac2f-c992-4a90-adfb-3aa813199497/elements[39m
[35m[HTTP][39m [90m{"using":"xpath","value":"//*[@class = 'android.widget.ImageButton' and @resource-id = 'com.socialnmobile.dictapps.notepad.color.note:id/edit_btn' and (@text = '' or . = '')]"}[39m
[35m[HTTP][39m [37m<-- POST /wd/hub/session/7866ac2f-c992-4a90-adfb-3aa813199497/elements [39m[32m200[39m [90m159 ms - 139[39m
[35m[HTTP][39m [90m[39m
[35m[HTTP][39m [37m-->[39m [37mGET[39m [37m/wd/hub/session/7866ac2f-c992-4a90-adfb-3aa813199497/element/00000000-0000-0684-ffff-ffff0000012e/location[39m
[35m[HTTP][39m [90m{}[39m
[35m[W3C (7866ac2f)][39m Driver proxy active, passing request on via HTTP proxy
[35m[WD Proxy][39m Replacing sessionId 11b135ec-825e-4465-8c18-28ce0a13db35 with 7866ac2f-c992-4a90-adfb-3aa813199497
[35m[HTTP][39m [37m<-- GET /wd/hub/session/7866ac2f-c992-4a90-adfb-3aa813199497/element/00000000-0000-0684-ffff-ffff0000012e/location [39m[32m200[39m [90m56 ms - 77[39m
[35m[HTTP][39m [90m[39m
[35m[HTTP][39m [37m-->[39m [37mPOST[39m [37m/wd/hub/session/7866ac2f-c992-4a90-adfb-3aa813199497/element/00000000-0000-0684-ffff-ffff0000012e/click[39m
[35m[HTTP][39m [90m{"id":"00000000-0000-0684-ffff-ffff0000012e"}[39m
[35m[HTTP][39m [37m<-- POST /wd/hub/session/7866ac2f-c992-4a90-adfb-3aa813199497/element/00000000-0000-0684-ffff-ffff0000012e/click [39m[32m200[39m [90m73 ms - 14[39m
[35m[HTTP][39m [90m[39m
[35m[HTTP][39m [37m-->[39m [37mGET[39m [37m/wd/hub/session/7866ac2f-c992-4a90-adfb-3aa813199497/source[39m
[35m[HTTP][39m [90m{}[39m
[35m[W3C (7866ac2f)][39m Driver proxy active, passing request on via HTTP proxy
[35m[WD Proxy][39m Replacing sessionId 11b135ec-825e-4465-8c18-28ce0a13db35 with 7866ac2f-c992-4a90-adfb-3aa813199497
[35m[HTTP][39m [37m<-- GET /wd/hub/session/7866ac2f-c992-4a90-adfb-3aa813199497/source [39m[32m200[39m [90m410 ms - 14613[39m
[35m[HTTP][39m [90m[39m
[35m[HTTP][39m [37m-->[39m [37mGET[39m [37m/wd/hub/session/7866ac2f-c992-4a90-adfb-3aa813199497/screenshot[39m
[35m[HTTP][39m [90m{}[39m
[35m[HTTP][39m [37m<-- GET /wd/hub/session/7866ac2f-c992-4a90-adfb-3aa813199497/screenshot [39m[32m200[39m [90m669 ms - 166510[39m
[35m[HTTP][39m [90m[39m
[35m[HTTP][39m [37m-->[39m [37mPOST[39m [37m/wd/hub/session/7866ac2f-c992-4a90-adfb-3aa813199497/elements[39m
[35m[HTTP][39m [90m{"using":"xpath","value":"//*[@class = 'android.widget.EditText' and (@text = 'Hye, its me' or . = 'Hye, its me') and @resource-id = 'com.socialnmobile.dictapps.notepad.color.note:id/edit_note']"}[39m
[35m[HTTP][39m [37m<-- POST /wd/hub/session/7866ac2f-c992-4a90-adfb-3aa813199497/elements [39m[32m200[39m [90m226 ms - 139[39m
[35m[HTTP][39m [90m[39m
[35m[HTTP][39m [37m-->[39m [37mGET[39m [37m/wd/hub/session/7866ac2f-c992-4a90-adfb-3aa813199497/window/rect[39m
[35m[HTTP][39m [90m{}[39m
[35m[HTTP][39m [37m<-- GET /wd/hub/session/7866ac2f-c992-4a90-adfb-3aa813199497/window/rect [39m[32m200[39m [90m34 ms - 50[39m
[35m[HTTP][39m [90m[39m
[35m[HTTP][39m [37m-->[39m [37mPOST[39m [37m/wd/hub/session/7866ac2f-c992-4a90-adfb-3aa813199497/elements[39m
[35m[HTTP][39m [90m{"using":"xpath","value":"//*[@class = 'android.widget.EditText' and (@text = 'Hye, its me' or . = 'Hye, its me') and @resource-id = 'com.socialnmobile.dictapps.notepad.color.note:id/edit_note']"}[39m
[35m[HTTP][39m [37m<-- POST /wd/hub/session/7866ac2f-c992-4a90-adfb-3aa813199497/elements [39m[32m200[39m [90m179 ms - 139[39m
[35m[HTTP][39m [90m[39m
[35m[HTTP][39m [37m-->[39m [37mGET[39m [37m/wd/hub/session/7866ac2f-c992-4a90-adfb-3aa813199497/element/00000000-0000-0684-ffff-ffff0000013d/location[39m
[35m[HTTP][39m [90m{}[39m
[35m[W3C (7866ac2f)][39m Driver proxy active, passing request on via HTTP proxy
[35m[WD Proxy][39m Replacing sessionId 11b135ec-825e-4465-8c18-28ce0a13db35 with 7866ac2f-c992-4a90-adfb-3aa813199497
[35m[HTTP][39m [37m<-- GET /wd/hub/session/7866ac2f-c992-4a90-adfb-3aa813199497/element/00000000-0000-0684-ffff-ffff0000013d/location [39m[32m200[39m [90m32 ms - 76[39m
[35m[HTTP][39m [90m[39m
[35m[HTTP][39m [37m-->[39m [37mPOST[39m [37m/wd/hub/session/7866ac2f-c992-4a90-adfb-3aa813199497/element/00000000-0000-0684-ffff-ffff0000013d/clear[39m
[35m[HTTP][39m [90m{"id":"00000000-0000-0684-ffff-ffff0000013d"}[39m
[35m[HTTP][39m [37m<-- POST /wd/hub/session/7866ac2f-c992-4a90-adfb-3aa813199497/element/00000000-0000-0684-ffff-ffff0000013d/clear [39m[32m200[39m [90m63 ms - 14[39m
[35m[HTTP][39m [90m[39m
[35m[HTTP][39m [37m-->[39m [37mPOST[39m [37m/wd/hub/session/7866ac2f-c992-4a90-adfb-3aa813199497/element/00000000-0000-0684-ffff-ffff0000013d/value[39m
[35m[HTTP][39m [90m{"id":"00000000-0000-0684-ffff-ffff0000013d","text":"Hyeee","value":["H","y","e","e","e"]}[39m
[35m[HTTP][39m [37m<-- POST /wd/hub/session/7866ac2f-c992-4a90-adfb-3aa813199497/element/00000000-0000-0684-ffff-ffff0000013d/value [39m[32m200[39m [90m1001 ms - 14[39m
[35m[HTTP][39m [90m[39m
[35m[HTTP][39m [37m-->[39m [37mGET[39m [37m/wd/hub/session/7866ac2f-c992-4a90-adfb-3aa813199497/source[39m
[35m[HTTP][39m [90m{}[39m
[35m[W3C (7866ac2f)][39m Driver proxy active, passing request on via HTTP proxy
[35m[WD Proxy][39m Replacing sessionId 11b135ec-825e-4465-8c18-28ce0a13db35 with 7866ac2f-c992-4a90-adfb-3aa813199497
[35m[HTTP][39m [37m<-- GET /wd/hub/session/7866ac2f-c992-4a90-adfb-3aa813199497/source [39m[32m200[39m [90m341 ms - 14606[39m
[35m[HTTP][39m [90m[39m
[35m[HTTP][39m [37m-->[39m [37mGET[39m [37m/wd/hub/session/7866ac2f-c992-4a90-adfb-3aa813199497/screenshot[39m
[35m[HTTP][39m [90m{}[39m
[35m[HTTP][39m [37m<-- GET /wd/hub/session/7866ac2f-c992-4a90-adfb-3aa813199497/screenshot [39m[32m200[39m [90m1418 ms - 164524[39m
[35m[HTTP][39m [90m[39m
[35m[HTTP][39m [37m-->[39m [37mPOST[39m [37m/wd/hub/session/7866ac2f-c992-4a90-adfb-3aa813199497/elements[39m
[35m[HTTP][39m [90m{"using":"xpath","value":"//*[@class = 'android.widget.EditText' and (@text = 'Hyeee' or . = 'Hyeee') and @resource-id = 'com.socialnmobile.dictapps.notepad.color.note:id/edit_note']"}[39m
[35m[HTTP][39m [37m<-- POST /wd/hub/session/7866ac2f-c992-4a90-adfb-3aa813199497/elements [39m[32m200[39m [90m230 ms - 139[39m
[35m[HTTP][39m [90m[39m
[35m[HTTP][39m [37m-->[39m [37mPOST[39m [37m/wd/hub/session/7866ac2f-c992-4a90-adfb-3aa813199497/elements[39m
[35m[HTTP][39m [90m{"using":"xpath","value":"//*[@class = 'android.widget.EditText' and (@text = 'Hyeee' or . = 'Hyeee') and @resource-id = 'com.socialnmobile.dictapps.notepad.color.note:id/edit_note']"}[39m
[35m[HTTP][39m [37m<-- POST /wd/hub/session/7866ac2f-c992-4a90-adfb-3aa813199497/elements [39m[32m200[39m [90m202 ms - 139[39m
[35m[HTTP][39m [90m[39m
[35m[HTTP][39m [37m-->[39m [37mGET[39m [37m/wd/hub/session/7866ac2f-c992-4a90-adfb-3aa813199497/source[39m
[35m[HTTP][39m [90m{}[39m
[35m[W3C (7866ac2f)][39m Driver proxy active, passing request on via HTTP proxy
[35m[WD Proxy][39m Replacing sessionId 11b135ec-825e-4465-8c18-28ce0a13db35 with 7866ac2f-c992-4a90-adfb-3aa813199497
[35m[HTTP][39m [37m<-- GET /wd/hub/session/7866ac2f-c992-4a90-adfb-3aa813199497/source [39m[32m200[39m [90m140 ms - 14606[39m
[35m[HTTP][39m [90m[39m
[35m[HTTP][39m [37m-->[39m [37mGET[39m [37m/wd/hub/session/7866ac2f-c992-4a90-adfb-3aa813199497/screenshot[39m
[35m[HTTP][39m [90m{}[39m
[35m[HTTP][39m [37m<-- GET /wd/hub/session/7866ac2f-c992-4a90-adfb-3aa813199497/screenshot [39m[32m200[39m [90m762 ms - 164224[39m
[35m[HTTP][39m [90m[39m
[35m[HTTP][39m [37m-->[39m [37mDELETE[39m [37m/wd/hub/session/7866ac2f-c992-4a90-adfb-3aa813199497[39m
[35m[HTTP][39m [90m{}[39m
[35m[Appium][39m Removing session 7866ac2f-c992-4a90-adfb-3aa813199497 from our master session list
[35m[UiAutomator2][39m Restoring hidden api policy to the device default configuration
[35m[HTTP][39m [37m<-- DELETE /wd/hub/session/7866ac2f-c992-4a90-adfb-3aa813199497 [39m[32m200[39m [90m707 ms - 14[39m
[35m[HTTP][39m [90m[39m
